<?xml version="1.0" encoding="UTF-8"?>
<!-- Generated by org.testng.reporters.JUnitReportReporter -->
<testsuite skipped="0" hostname="DESKTOP-I7PPUVF" name="maven.firstproject.AppTest" tests="1" failures="0" timestamp="2020-07-21T13:57:24 CEST" time="0.016" errors="0">
  <testcase name="Test" time="0.016" classname="maven.firstproject.AppTest"/>
  <system-out/>
</testsuite> <!-- maven.firstproject.AppTest -->
